# JRE version: Java(TM) SE Runtime Environment (17.0.4+11) (build 17.0.4+11-LTS-179)
# Java VM: Java HotSpot(TM) 64-Bit Server VM (17.0.4+11-LTS-179, mixed mode, sharing, tiered, compressed oops, compressed class ptrs, g1 gc, windows-amd64)
GC Precious Log:
 CPUs: 8 total, 8 available
 Memory: 7941M
 Large Page Support: Disabled
 NUMA Support: Disabled
 Compressed Oops: Enabled (32-bit)
 Heap Region Size: 1M
 Heap Min Capacity: 8M
 Heap Initial Capacity: 126M
 Heap Max Capacity: 1986M
 Pre-touch: Disabled
 Parallel Workers: 8
 Concurrent Workers: 2
 Concurrent Refinement Workers: 8
 Periodic GC: Disabled
Heap:
 garbage-first heap   total 84992K, used 67511K [0x0000000083e00000, 0x0000000100000000)
  region size 1024K, 35 young (35840K), 1 survivors (1024K)
 Metaspace       used 65750K, committed 66304K, reserved 1114112K
  class space    used 8287K, committed 8576K, reserved 1048576K
GC Heap History (20 events):
Event: 4545.233 GC heap before
{Heap before GC invocations=35 (full 0):
 garbage-first heap   total 84992K, used 71541K [0x0000000083e00000, 0x0000000100000000)
  region size 1024K, 38 young (38912K), 1 survivors (1024K)
 Metaspace       used 65728K, committed 66304K, reserved 1114112K
  class space    used 8283K, committed 8576K, reserved 1048576K
}
Event: 4545.234 GC heap after
{Heap after GC invocations=36 (full 0):
 garbage-first heap   total 84992K, used 34664K [0x0000000083e00000, 0x0000000100000000)
  region size 1024K, 1 young (1024K), 1 survivors (1024K)
 Metaspace       used 65728K, committed 66304K, reserved 1114112K
  class space    used 8283K, committed 8576K, reserved 1048576K
}
Event: 4547.376 GC heap before
{Heap before GC invocations=36 (full 0):
 garbage-first heap   total 84992K, used 72552K [0x0000000083e00000, 0x0000000100000000)
  region size 1024K, 38 young (38912K), 1 survivors (1024K)
 Metaspace       used 65728K, committed 66304K, reserved 1114112K
  class space    used 8283K, committed 8576K, reserved 1048576K
}
Event: 4547.377 GC heap after
{Heap after GC invocations=37 (full 0):
 garbage-first heap   total 84992K, used 34674K [0x0000000083e00000, 0x0000000100000000)
  region size 1024K, 1 young (1024K), 1 survivors (1024K)
 Metaspace       used 65728K, committed 66304K, reserved 1114112K
  class space    used 8283K, committed 8576K, reserved 1048576K
}
Event: 4548.790 GC heap before
{Heap before GC invocations=37 (full 0):
 garbage-first heap   total 84992K, used 71538K [0x0000000083e00000, 0x0000000100000000)
  region size 1024K, 38 young (38912K), 1 survivors (1024K)
 Metaspace       used 65728K, committed 66304K, reserved 1114112K
  class space    used 8283K, committed 8576K, reserved 1048576K
}
Event: 4548.791 GC heap after
{Heap after GC invocations=38 (full 0):
 garbage-first heap   total 84992K, used 34698K [0x0000000083e00000, 0x0000000100000000)
  region size 1024K, 1 young (1024K), 1 survivors (1024K)
 Metaspace       used 65728K, committed 66304K, reserved 1114112K
  class space    used 8283K, committed 8576K, reserved 1048576K
}
Event: 4549.965 GC heap before
{Heap before GC invocations=38 (full 0):
 garbage-first heap   total 84992K, used 72586K [0x0000000083e00000, 0x0000000100000000)
  region size 1024K, 38 young (38912K), 1 survivors (1024K)
 Metaspace       used 65728K, committed 66304K, reserved 1114112K
  class space    used 8283K, committed 8576K, reserved 1048576K
}
Event: 4549.965 GC heap after
{Heap after GC invocations=39 (full 0):
 garbage-first heap   total 84992K, used 34693K [0x0000000083e00000, 0x0000000100000000)
  region size 1024K, 1 young (1024K), 1 survivors (1024K)
 Metaspace       used 65728K, committed 66304K, reserved 1114112K
  class space    used 8283K, committed 8576K, reserved 1048576K
}
Event: 4551.323 GC heap before
{Heap before GC invocations=39 (full 0):
 garbage-first heap   total 84992K, used 72581K [0x0000000083e00000, 0x0000000100000000)
  region size 1024K, 38 young (38912K), 1 survivors (1024K)
 Metaspace       used 65728K, committed 66304K, reserved 1114112K
  class space    used 8284K, committed 8576K, reserved 1048576K
}
Event: 4551.324 GC heap after
{Heap after GC invocations=40 (full 0):
 garbage-first heap   total 84992K, used 34698K [0x0000000083e00000, 0x0000000100000000)
  region size 1024K, 1 young (1024K), 1 survivors (1024K)
 Metaspace       used 65728K, committed 66304K, reserved 1114112K
  class space    used 8284K, committed 8576K, reserved 1048576K
}
Event: 4553.656 GC heap before
{Heap before GC invocations=40 (full 0):
 garbage-first heap   total 84992K, used 71562K [0x0000000083e00000, 0x0000000100000000)
  region size 1024K, 38 young (38912K), 1 survivors (1024K)
 Metaspace       used 65730K, committed 66304K, reserved 1114112K
  class space    used 8284K, committed 8576K, reserved 1048576K
}
Event: 4553.657 GC heap after
{Heap after GC invocations=41 (full 0):
 garbage-first heap   total 84992K, used 34708K [0x0000000083e00000, 0x0000000100000000)
  region size 1024K, 1 young (1024K), 1 survivors (1024K)
 Metaspace       used 65730K, committed 66304K, reserved 1114112K
  class space    used 8284K, committed 8576K, reserved 1048576K
}
Event: 4554.992 GC heap before
{Heap before GC invocations=41 (full 0):
 garbage-first heap   total 84992K, used 72596K [0x0000000083e00000, 0x0000000100000000)
  region size 1024K, 38 young (38912K), 1 survivors (1024K)
 Metaspace       used 65741K, committed 66304K, reserved 1114112K
  class space    used 8285K, committed 8576K, reserved 1048576K
}
Event: 4554.992 GC heap after
{Heap after GC invocations=42 (full 0):
 garbage-first heap   total 84992K, used 34716K [0x0000000083e00000, 0x0000000100000000)
  region size 1024K, 1 young (1024K), 1 survivors (1024K)
 Metaspace       used 65741K, committed 66304K, reserved 1114112K
  class space    used 8285K, committed 8576K, reserved 1048576K
}
Event: 4556.259 GC heap before
{Heap before GC invocations=42 (full 0):
 garbage-first heap   total 84992K, used 72604K [0x0000000083e00000, 0x0000000100000000)
  region size 1024K, 38 young (38912K), 1 survivors (1024K)
 Metaspace       used 65741K, committed 66304K, reserved 1114112K
  class space    used 8285K, committed 8576K, reserved 1048576K
}
Event: 4556.260 GC heap after
{Heap after GC invocations=43 (full 0):
 garbage-first heap   total 84992K, used 34727K [0x0000000083e00000, 0x0000000100000000)
  region size 1024K, 1 young (1024K), 1 survivors (1024K)
 Metaspace       used 65741K, committed 66304K, reserved 1114112K
  class space    used 8285K, committed 8576K, reserved 1048576K
}
Event: 4557.781 GC heap before
{Heap before GC invocations=43 (full 0):
 garbage-first heap   total 84992K, used 72615K [0x0000000083e00000, 0x0000000100000000)
  region size 1024K, 38 young (38912K), 1 survivors (1024K)
 Metaspace       used 65750K, committed 66304K, reserved 1114112K
  class space    used 8287K, committed 8576K, reserved 1048576K
}
Event: 4557.782 GC heap after
{Heap after GC invocations=44 (full 0):
 garbage-first heap   total 84992K, used 34736K [0x0000000083e00000, 0x0000000100000000)
  region size 1024K, 1 young (1024K), 1 survivors (1024K)
 Metaspace       used 65750K, committed 66304K, reserved 1114112K
  class space    used 8287K, committed 8576K, reserved 1048576K
}
Event: 4559.796 GC heap before
{Heap before GC invocations=44 (full 0):
 garbage-first heap   total 84992K, used 72624K [0x0000000083e00000, 0x0000000100000000)
  region size 1024K, 38 young (38912K), 1 survivors (1024K)
 Metaspace       used 65750K, committed 66304K, reserved 1114112K
  class space    used 8287K, committed 8576K, reserved 1048576K
}
Event: 4559.797 GC heap after
{Heap after GC invocations=45 (full 0):
 garbage-first heap   total 84992K, used 34743K [0x0000000083e00000, 0x0000000100000000)
  region size 1024K, 1 young (1024K), 1 survivors (1024K)
 Metaspace       used 65750K, committed 66304K, reserved 1114112K
  class space    used 8287K, committed 8576K, reserved 1048576K
}

