# JRE version: Java(TM) SE Runtime Environment (17.0.4+11) (build 17.0.4+11-LTS-179)
# Java VM: Java HotSpot(TM) 64-Bit Server VM (17.0.4+11-LTS-179, mixed mode, sharing, tiered, compressed oops, compressed class ptrs, g1 gc, windows-amd64)
GC Precious Log:
 CPUs: 8 total, 8 available
 Memory: 7941M
 Large Page Support: Disabled
 NUMA Support: Disabled
 Compressed Oops: Enabled (32-bit)
 Heap Region Size: 1M
 Heap Min Capacity: 8M
 Heap Initial Capacity: 126M
 Heap Max Capacity: 1986M
 Pre-touch: Disabled
 Parallel Workers: 8
 Concurrent Workers: 2
 Concurrent Refinement Workers: 8
 Periodic GC: Disabled
Heap:
 garbage-first heap   total 84992K, used 65256K [0x0000000083e00000, 0x0000000100000000)
  region size 1024K, 36 young (36864K), 3 survivors (3072K)
 Metaspace       used 62864K, committed 63296K, reserved 1105920K
  class space    used 8258K, committed 8448K, reserved 1048576K
GC Heap History (20 events):
Event: 2.932 GC heap before
{Heap before GC invocations=6 (full 0):
 garbage-first heap   total 58368K, used 35531K [0x0000000083e00000, 0x0000000100000000)
  region size 1024K, 18 young (18432K), 2 survivors (2048K)
 Metaspace       used 35702K, committed 35968K, reserved 1081344K
  class space    used 4677K, committed 4800K, reserved 1048576K
}
Event: 2.934 GC heap after
{Heap after GC invocations=7 (full 0):
 garbage-first heap   total 58368K, used 20606K [0x0000000083e00000, 0x0000000100000000)
  region size 1024K, 3 young (3072K), 3 survivors (3072K)
 Metaspace       used 35702K, committed 35968K, reserved 1081344K
  class space    used 4677K, committed 4800K, reserved 1048576K
}
Event: 3.246 GC heap before
{Heap before GC invocations=8 (full 0):
 garbage-first heap   total 58368K, used 41086K [0x0000000083e00000, 0x0000000100000000)
  region size 1024K, 24 young (24576K), 3 survivors (3072K)
 Metaspace       used 40972K, committed 41280K, reserved 1089536K
  class space    used 5400K, committed 5568K, reserved 1048576K
}
Event: 3.249 GC heap after
{Heap after GC invocations=9 (full 0):
 garbage-first heap   total 58368K, used 22840K [0x0000000083e00000, 0x0000000100000000)
  region size 1024K, 3 young (3072K), 3 survivors (3072K)
 Metaspace       used 40972K, committed 41280K, reserved 1089536K
  class space    used 5400K, committed 5568K, reserved 1048576K
}
Event: 3.484 GC heap before
{Heap before GC invocations=9 (full 0):
 garbage-first heap   total 58368K, used 43320K [0x0000000083e00000, 0x0000000100000000)
  region size 1024K, 23 young (23552K), 3 survivors (3072K)
 Metaspace       used 44545K, committed 44864K, reserved 1089536K
  class space    used 5986K, committed 6144K, reserved 1048576K
}
Event: 3.486 GC heap after
{Heap after GC invocations=10 (full 0):
 garbage-first heap   total 58368K, used 23695K [0x0000000083e00000, 0x0000000100000000)
  region size 1024K, 1 young (1024K), 1 survivors (1024K)
 Metaspace       used 44545K, committed 44864K, reserved 1089536K
  class space    used 5986K, committed 6144K, reserved 1048576K
}
Event: 3.818 GC heap before
{Heap before GC invocations=10 (full 0):
 garbage-first heap   total 58368K, used 44175K [0x0000000083e00000, 0x0000000100000000)
  region size 1024K, 21 young (21504K), 1 survivors (1024K)
 Metaspace       used 48531K, committed 48896K, reserved 1097728K
  class space    used 6492K, committed 6656K, reserved 1048576K
}
Event: 3.821 GC heap after
{Heap after GC invocations=11 (full 0):
 garbage-first heap   total 70656K, used 25049K [0x0000000083e00000, 0x0000000100000000)
  region size 1024K, 3 young (3072K), 3 survivors (3072K)
 Metaspace       used 48531K, committed 48896K, reserved 1097728K
  class space    used 6492K, committed 6656K, reserved 1048576K
}
Event: 4.061 GC heap before
{Heap before GC invocations=11 (full 0):
 garbage-first heap   total 70656K, used 53721K [0x0000000083e00000, 0x0000000100000000)
  region size 1024K, 31 young (31744K), 3 survivors (3072K)
 Metaspace       used 50217K, committed 50560K, reserved 1097728K
  class space    used 6741K, committed 6912K, reserved 1048576K
}
Event: 4.064 GC heap after
{Heap after GC invocations=12 (full 0):
 garbage-first heap   total 70656K, used 26588K [0x0000000083e00000, 0x0000000100000000)
  region size 1024K, 4 young (4096K), 4 survivors (4096K)
 Metaspace       used 50217K, committed 50560K, reserved 1097728K
  class space    used 6741K, committed 6912K, reserved 1048576K
}
Event: 4.188 GC heap before
{Heap before GC invocations=12 (full 0):
 garbage-first heap   total 70656K, used 54236K [0x0000000083e00000, 0x0000000100000000)
  region size 1024K, 31 young (31744K), 4 survivors (4096K)
 Metaspace       used 50842K, committed 51200K, reserved 1097728K
  class space    used 6822K, committed 6976K, reserved 1048576K
}
Event: 4.191 GC heap after
{Heap after GC invocations=13 (full 0):
 garbage-first heap   total 70656K, used 27488K [0x0000000083e00000, 0x0000000100000000)
  region size 1024K, 3 young (3072K), 3 survivors (3072K)
 Metaspace       used 50842K, committed 51200K, reserved 1097728K
  class space    used 6822K, committed 6976K, reserved 1048576K
}
Event: 4.363 GC heap before
{Heap before GC invocations=13 (full 0):
 garbage-first heap   total 70656K, used 55136K [0x0000000083e00000, 0x0000000100000000)
  region size 1024K, 30 young (30720K), 3 survivors (3072K)
 Metaspace       used 51627K, committed 52032K, reserved 1097728K
  class space    used 6923K, committed 7104K, reserved 1048576K
}
Event: 4.366 GC heap after
{Heap after GC invocations=14 (full 0):
 garbage-first heap   total 70656K, used 28490K [0x0000000083e00000, 0x0000000100000000)
  region size 1024K, 2 young (2048K), 2 survivors (2048K)
 Metaspace       used 51627K, committed 52032K, reserved 1097728K
  class space    used 6923K, committed 7104K, reserved 1048576K
}
Event: 4.709 GC heap before
{Heap before GC invocations=14 (full 0):
 garbage-first heap   total 70656K, used 56138K [0x0000000083e00000, 0x0000000100000000)
  region size 1024K, 29 young (29696K), 2 survivors (2048K)
 Metaspace       used 55001K, committed 55424K, reserved 1097728K
  class space    used 7397K, committed 7616K, reserved 1048576K
}
Event: 4.713 GC heap after
{Heap after GC invocations=15 (full 0):
 garbage-first heap   total 70656K, used 30606K [0x0000000083e00000, 0x0000000100000000)
  region size 1024K, 4 young (4096K), 4 survivors (4096K)
 Metaspace       used 55001K, committed 55424K, reserved 1097728K
  class space    used 7397K, committed 7616K, reserved 1048576K
}
Event: 424.944 GC heap before
{Heap before GC invocations=15 (full 0):
 garbage-first heap   total 70656K, used 56206K [0x0000000083e00000, 0x0000000100000000)
  region size 1024K, 29 young (29696K), 4 survivors (4096K)
 Metaspace       used 59130K, committed 59584K, reserved 1105920K
  class space    used 7860K, committed 8064K, reserved 1048576K
}
Event: 424.990 GC heap after
{Heap after GC invocations=16 (full 0):
 garbage-first heap   total 84992K, used 32282K [0x0000000083e00000, 0x0000000100000000)
  region size 1024K, 2 young (2048K), 2 survivors (2048K)
 Metaspace       used 59130K, committed 59584K, reserved 1105920K
  class space    used 7860K, committed 8064K, reserved 1048576K
}
Event: 425.074 GC heap before
{Heap before GC invocations=16 (full 0):
 garbage-first heap   total 84992K, used 35354K [0x0000000083e00000, 0x0000000100000000)
  region size 1024K, 6 young (6144K), 2 survivors (2048K)
 Metaspace       used 60030K, committed 60416K, reserved 1105920K
  class space    used 7976K, committed 8192K, reserved 1048576K
}
Event: 425.077 GC heap after
{Heap after GC invocations=17 (full 0):
 garbage-first heap   total 84992K, used 32488K [0x0000000083e00000, 0x0000000100000000)
  region size 1024K, 3 young (3072K), 3 survivors (3072K)
 Metaspace       used 60030K, committed 60416K, reserved 1105920K
  class space    used 7976K, committed 8192K, reserved 1048576K
}

