# JRE version: Java(TM) SE Runtime Environment (17.0.4+11) (build 17.0.4+11-LTS-179)
# Java VM: Java HotSpot(TM) 64-Bit Server VM (17.0.4+11-LTS-179, mixed mode, sharing, tiered, compressed oops, compressed class ptrs, g1 gc, windows-amd64)
GC Precious Log:
 CPUs: 8 total, 8 available
 Memory: 7941M
 Large Page Support: Disabled
 NUMA Support: Disabled
 Compressed Oops: Enabled (32-bit)
 Heap Region Size: 1M
 Heap Min Capacity: 8M
 Heap Initial Capacity: 126M
 Heap Max Capacity: 1986M
 Pre-touch: Disabled
 Parallel Workers: 8
 Concurrent Workers: 2
 Concurrent Refinement Workers: 8
 Periodic GC: Disabled
Heap:
 garbage-first heap   total 116736K, used 73888K [0x0000000083e00000, 0x0000000100000000)
  region size 1024K, 44 young (45056K), 4 survivors (4096K)
 Metaspace       used 65909K, committed 66432K, reserved 1114112K
  class space    used 8387K, committed 8640K, reserved 1048576K
GC Heap History (20 events):
Event: 200.306 GC heap before
{Heap before GC invocations=17 (full 0):
 garbage-first heap   total 116736K, used 93551K [0x0000000083e00000, 0x0000000100000000)
  region size 1024K, 62 young (63488K), 4 survivors (4096K)
 Metaspace       used 65876K, committed 66432K, reserved 1114112K
  class space    used 8381K, committed 8640K, reserved 1048576K
}
Event: 200.311 GC heap after
{Heap after GC invocations=18 (full 0):
 garbage-first heap   total 116736K, used 33985K [0x0000000083e00000, 0x0000000100000000)
  region size 1024K, 4 young (4096K), 4 survivors (4096K)
 Metaspace       used 65876K, committed 66432K, reserved 1114112K
  class space    used 8381K, committed 8640K, reserved 1048576K
}
Event: 203.906 GC heap before
{Heap before GC invocations=18 (full 0):
 garbage-first heap   total 116736K, used 95425K [0x0000000083e00000, 0x0000000100000000)
  region size 1024K, 64 young (65536K), 4 survivors (4096K)
 Metaspace       used 65899K, committed 66432K, reserved 1114112K
  class space    used 8383K, committed 8640K, reserved 1048576K
}
Event: 203.910 GC heap after
{Heap after GC invocations=19 (full 0):
 garbage-first heap   total 116736K, used 34055K [0x0000000083e00000, 0x0000000100000000)
  region size 1024K, 4 young (4096K), 4 survivors (4096K)
 Metaspace       used 65899K, committed 66432K, reserved 1114112K
  class space    used 8383K, committed 8640K, reserved 1048576K
}
Event: 207.275 GC heap before
{Heap before GC invocations=19 (full 0):
 garbage-first heap   total 116736K, used 96519K [0x0000000083e00000, 0x0000000100000000)
  region size 1024K, 66 young (67584K), 4 survivors (4096K)
 Metaspace       used 65899K, committed 66432K, reserved 1114112K
  class space    used 8383K, committed 8640K, reserved 1048576K
}
Event: 207.279 GC heap after
{Heap after GC invocations=20 (full 0):
 garbage-first heap   total 116736K, used 33945K [0x0000000083e00000, 0x0000000100000000)
  region size 1024K, 4 young (4096K), 4 survivors (4096K)
 Metaspace       used 65899K, committed 66432K, reserved 1114112K
  class space    used 8383K, committed 8640K, reserved 1048576K
}
Event: 210.400 GC heap before
{Heap before GC invocations=20 (full 0):
 garbage-first heap   total 116736K, used 98457K [0x0000000083e00000, 0x0000000100000000)
  region size 1024K, 67 young (68608K), 4 survivors (4096K)
 Metaspace       used 65900K, committed 66432K, reserved 1114112K
  class space    used 8384K, committed 8640K, reserved 1048576K
}
Event: 210.404 GC heap after
{Heap after GC invocations=21 (full 0):
 garbage-first heap   total 116736K, used 33925K [0x0000000083e00000, 0x0000000100000000)
  region size 1024K, 4 young (4096K), 4 survivors (4096K)
 Metaspace       used 65900K, committed 66432K, reserved 1114112K
  class space    used 8384K, committed 8640K, reserved 1048576K
}
Event: 213.345 GC heap before
{Heap before GC invocations=21 (full 0):
 garbage-first heap   total 116736K, used 99461K [0x0000000083e00000, 0x0000000100000000)
  region size 1024K, 68 young (69632K), 4 survivors (4096K)
 Metaspace       used 65904K, committed 66432K, reserved 1114112K
  class space    used 8384K, committed 8640K, reserved 1048576K
}
Event: 213.349 GC heap after
{Heap after GC invocations=22 (full 0):
 garbage-first heap   total 116736K, used 34085K [0x0000000083e00000, 0x0000000100000000)
  region size 1024K, 4 young (4096K), 4 survivors (4096K)
 Metaspace       used 65904K, committed 66432K, reserved 1114112K
  class space    used 8384K, committed 8640K, reserved 1048576K
}
Event: 215.928 GC heap before
{Heap before GC invocations=22 (full 0):
 garbage-first heap   total 116736K, used 98597K [0x0000000083e00000, 0x0000000100000000)
  region size 1024K, 68 young (69632K), 4 survivors (4096K)
 Metaspace       used 65907K, committed 66432K, reserved 1114112K
  class space    used 8386K, committed 8640K, reserved 1048576K
}
Event: 215.933 GC heap after
{Heap after GC invocations=23 (full 0):
 garbage-first heap   total 116736K, used 34000K [0x0000000083e00000, 0x0000000100000000)
  region size 1024K, 4 young (4096K), 4 survivors (4096K)
 Metaspace       used 65907K, committed 66432K, reserved 1114112K
  class space    used 8386K, committed 8640K, reserved 1048576K
}
Event: 219.828 GC heap before
{Heap before GC invocations=23 (full 0):
 garbage-first heap   total 116736K, used 99536K [0x0000000083e00000, 0x0000000100000000)
  region size 1024K, 68 young (69632K), 4 survivors (4096K)
 Metaspace       used 65909K, committed 66432K, reserved 1114112K
  class space    used 8387K, committed 8640K, reserved 1048576K
}
Event: 219.832 GC heap after
{Heap after GC invocations=24 (full 0):
 garbage-first heap   total 116736K, used 34090K [0x0000000083e00000, 0x0000000100000000)
  region size 1024K, 4 young (4096K), 4 survivors (4096K)
 Metaspace       used 65909K, committed 66432K, reserved 1114112K
  class space    used 8387K, committed 8640K, reserved 1048576K
}
Event: 224.080 GC heap before
{Heap before GC invocations=24 (full 0):
 garbage-first heap   total 116736K, used 99626K [0x0000000083e00000, 0x0000000100000000)
  region size 1024K, 68 young (69632K), 4 survivors (4096K)
 Metaspace       used 65909K, committed 66432K, reserved 1114112K
  class space    used 8387K, committed 8640K, reserved 1048576K
}
Event: 224.084 GC heap after
{Heap after GC invocations=25 (full 0):
 garbage-first heap   total 116736K, used 34008K [0x0000000083e00000, 0x0000000100000000)
  region size 1024K, 4 young (4096K), 4 survivors (4096K)
 Metaspace       used 65909K, committed 66432K, reserved 1114112K
  class space    used 8387K, committed 8640K, reserved 1048576K
}
Event: 229.026 GC heap before
{Heap before GC invocations=25 (full 0):
 garbage-first heap   total 116736K, used 99544K [0x0000000083e00000, 0x0000000100000000)
  region size 1024K, 68 young (69632K), 4 survivors (4096K)
 Metaspace       used 65909K, committed 66432K, reserved 1114112K
  class space    used 8387K, committed 8640K, reserved 1048576K
}
Event: 229.032 GC heap after
{Heap after GC invocations=26 (full 0):
 garbage-first heap   total 116736K, used 34027K [0x0000000083e00000, 0x0000000100000000)
  region size 1024K, 4 young (4096K), 4 survivors (4096K)
 Metaspace       used 65909K, committed 66432K, reserved 1114112K
  class space    used 8387K, committed 8640K, reserved 1048576K
}
Event: 234.027 GC heap before
{Heap before GC invocations=26 (full 0):
 garbage-first heap   total 116736K, used 99563K [0x0000000083e00000, 0x0000000100000000)
  region size 1024K, 68 young (69632K), 4 survivors (4096K)
 Metaspace       used 65909K, committed 66432K, reserved 1114112K
  class space    used 8387K, committed 8640K, reserved 1048576K
}
Event: 234.031 GC heap after
{Heap after GC invocations=27 (full 0):
 garbage-first heap   total 116736K, used 33952K [0x0000000083e00000, 0x0000000100000000)
  region size 1024K, 4 young (4096K), 4 survivors (4096K)
 Metaspace       used 65909K, committed 66432K, reserved 1114112K
  class space    used 8387K, committed 8640K, reserved 1048576K
}

