# JRE version: Java(TM) SE Runtime Environment (17.0.4+11) (build 17.0.4+11-LTS-179)
# Java VM: Java HotSpot(TM) 64-Bit Server VM (17.0.4+11-LTS-179, mixed mode, sharing, tiered, compressed oops, compressed class ptrs, g1 gc, windows-amd64)
GC Precious Log:
 CPUs: 8 total, 8 available
 Memory: 7941M
 Large Page Support: Disabled
 NUMA Support: Disabled
 Compressed Oops: Enabled (32-bit)
 Heap Region Size: 1M
 Heap Min Capacity: 8M
 Heap Initial Capacity: 126M
 Heap Max Capacity: 1986M
 Pre-touch: Disabled
 Parallel Workers: 8
 Concurrent Workers: 2
 Concurrent Refinement Workers: 8
 Periodic GC: Disabled
Heap:
 garbage-first heap   total 119808K, used 49017K [0x0000000083e00000, 0x0000000100000000)
  region size 1024K, 19 young (19456K), 3 survivors (3072K)
 Metaspace       used 65567K, committed 66048K, reserved 1114112K
  class space    used 8278K, committed 8512K, reserved 1048576K
GC Heap History (20 events):
Event: 2.711 GC heap before
{Heap before GC invocations=6 (full 0):
 garbage-first heap   total 70656K, used 48642K [0x0000000083e00000, 0x0000000100000000)
  region size 1024K, 30 young (30720K), 1 survivors (1024K)
 Metaspace       used 34104K, committed 34432K, reserved 1081344K
  class space    used 4518K, committed 4672K, reserved 1048576K
}
Event: 2.714 GC heap after
{Heap after GC invocations=7 (full 0):
 garbage-first heap   total 70656K, used 19761K [0x0000000083e00000, 0x0000000100000000)
  region size 1024K, 2 young (2048K), 2 survivors (2048K)
 Metaspace       used 34104K, committed 34432K, reserved 1081344K
  class space    used 4518K, committed 4672K, reserved 1048576K
}
Event: 2.800 GC heap before
{Heap before GC invocations=7 (full 0):
 garbage-first heap   total 70656K, used 25905K [0x0000000083e00000, 0x0000000100000000)
  region size 1024K, 9 young (9216K), 2 survivors (2048K)
 Metaspace       used 36020K, committed 36288K, reserved 1081344K
  class space    used 4717K, committed 4864K, reserved 1048576K
}
Event: 2.802 GC heap after
{Heap after GC invocations=8 (full 0):
 garbage-first heap   total 70656K, used 20331K [0x0000000083e00000, 0x0000000100000000)
  region size 1024K, 3 young (3072K), 3 survivors (3072K)
 Metaspace       used 36020K, committed 36288K, reserved 1081344K
  class space    used 4717K, committed 4864K, reserved 1048576K
}
Event: 3.238 GC heap before
{Heap before GC invocations=9 (full 0):
 garbage-first heap   total 70656K, used 46955K [0x0000000083e00000, 0x0000000100000000)
  region size 1024K, 30 young (30720K), 3 survivors (3072K)
 Metaspace       used 43327K, committed 43712K, reserved 1089536K
  class space    used 5834K, committed 6016K, reserved 1048576K
}
Event: 3.242 GC heap after
{Heap after GC invocations=10 (full 0):
 garbage-first heap   total 70656K, used 22794K [0x0000000083e00000, 0x0000000100000000)
  region size 1024K, 4 young (4096K), 4 survivors (4096K)
 Metaspace       used 43327K, committed 43712K, reserved 1089536K
  class space    used 5834K, committed 6016K, reserved 1048576K
}
Event: 3.592 GC heap before
{Heap before GC invocations=10 (full 0):
 garbage-first heap   total 70656K, used 49418K [0x0000000083e00000, 0x0000000100000000)
  region size 1024K, 30 young (30720K), 4 survivors (4096K)
 Metaspace       used 46925K, committed 47296K, reserved 1097728K
  class space    used 6279K, committed 6464K, reserved 1048576K
}
Event: 3.596 GC heap after
{Heap after GC invocations=11 (full 0):
 garbage-first heap   total 70656K, used 24148K [0x0000000083e00000, 0x0000000100000000)
  region size 1024K, 2 young (2048K), 2 survivors (2048K)
 Metaspace       used 46925K, committed 47296K, reserved 1097728K
  class space    used 6279K, committed 6464K, reserved 1048576K
}
Event: 3.847 GC heap before
{Heap before GC invocations=11 (full 0):
 garbage-first heap   total 70656K, used 50772K [0x0000000083e00000, 0x0000000100000000)
  region size 1024K, 28 young (28672K), 2 survivors (2048K)
 Metaspace       used 50146K, committed 50496K, reserved 1097728K
  class space    used 6728K, committed 6912K, reserved 1048576K
}
Event: 3.850 GC heap after
{Heap after GC invocations=12 (full 0):
 garbage-first heap   total 70656K, used 25763K [0x0000000083e00000, 0x0000000100000000)
  region size 1024K, 4 young (4096K), 4 survivors (4096K)
 Metaspace       used 50146K, committed 50496K, reserved 1097728K
  class space    used 6728K, committed 6912K, reserved 1048576K
}
Event: 3.968 GC heap before
{Heap before GC invocations=12 (full 0):
 garbage-first heap   total 70656K, used 52387K [0x0000000083e00000, 0x0000000100000000)
  region size 1024K, 30 young (30720K), 4 survivors (4096K)
 Metaspace       used 50794K, committed 51136K, reserved 1097728K
  class space    used 6812K, committed 6976K, reserved 1048576K
}
Event: 3.971 GC heap after
{Heap after GC invocations=13 (full 0):
 garbage-first heap   total 70656K, used 26738K [0x0000000083e00000, 0x0000000100000000)
  region size 1024K, 3 young (3072K), 3 survivors (3072K)
 Metaspace       used 50794K, committed 51136K, reserved 1097728K
  class space    used 6812K, committed 6976K, reserved 1048576K
}
Event: 4.054 GC heap before
{Heap before GC invocations=13 (full 0):
 garbage-first heap   total 70656K, used 54386K [0x0000000083e00000, 0x0000000100000000)
  region size 1024K, 30 young (30720K), 3 survivors (3072K)
 Metaspace       used 51129K, committed 51520K, reserved 1097728K
  class space    used 6843K, committed 7040K, reserved 1048576K
}
Event: 4.057 GC heap after
{Heap after GC invocations=14 (full 0):
 garbage-first heap   total 141312K, used 27302K [0x0000000083e00000, 0x0000000100000000)
  region size 1024K, 2 young (2048K), 2 survivors (2048K)
 Metaspace       used 51129K, committed 51520K, reserved 1097728K
  class space    used 6843K, committed 7040K, reserved 1048576K
}
Event: 37.945 GC heap before
{Heap before GC invocations=14 (full 0):
 garbage-first heap   total 141312K, used 96934K [0x0000000083e00000, 0x0000000100000000)
  region size 1024K, 71 young (72704K), 2 survivors (2048K)
 Metaspace       used 60363K, committed 60736K, reserved 1105920K
  class space    used 8041K, committed 8192K, reserved 1048576K
}
Event: 37.952 GC heap after
{Heap after GC invocations=15 (full 0):
 garbage-first heap   total 141312K, used 31893K [0x0000000083e00000, 0x0000000100000000)
  region size 1024K, 6 young (6144K), 6 survivors (6144K)
 Metaspace       used 60363K, committed 60736K, reserved 1105920K
  class space    used 8041K, committed 8192K, reserved 1048576K
}
Event: 487.936 GC heap before
{Heap before GC invocations=16 (full 0):
 garbage-first heap   total 119808K, used 97429K [0x0000000083e00000, 0x0000000100000000)
  region size 1024K, 70 young (71680K), 6 survivors (6144K)
 Metaspace       used 64441K, committed 64896K, reserved 1105920K
  class space    used 8276K, committed 8512K, reserved 1048576K
}
Event: 487.942 GC heap after
{Heap after GC invocations=17 (full 0):
 garbage-first heap   total 119808K, used 33879K [0x0000000083e00000, 0x0000000100000000)
  region size 1024K, 3 young (3072K), 3 survivors (3072K)
 Metaspace       used 64441K, committed 64896K, reserved 1105920K
  class space    used 8276K, committed 8512K, reserved 1048576K
}
Event: 526.259 GC heap before
{Heap before GC invocations=18 (full 0):
 garbage-first heap   total 119808K, used 92247K [0x0000000083e00000, 0x0000000100000000)
  region size 1024K, 61 young (62464K), 3 survivors (3072K)
 Metaspace       used 65477K, committed 65984K, reserved 1114112K
  class space    used 8278K, committed 8512K, reserved 1048576K
}
Event: 526.261 GC heap after
{Heap after GC invocations=19 (full 0):
 garbage-first heap   total 119808K, used 33657K [0x0000000083e00000, 0x0000000100000000)
  region size 1024K, 3 young (3072K), 3 survivors (3072K)
 Metaspace       used 65477K, committed 65984K, reserved 1114112K
  class space    used 8278K, committed 8512K, reserved 1048576K
}

