# JRE version: Java(TM) SE Runtime Environment (17.0.4+11) (build 17.0.4+11-LTS-179)
# Java VM: Java HotSpot(TM) 64-Bit Server VM (17.0.4+11-LTS-179, mixed mode, sharing, tiered, compressed oops, compressed class ptrs, g1 gc, windows-amd64)
GC Precious Log:
 CPUs: 8 total, 8 available
 Memory: 7941M
 Large Page Support: Disabled
 NUMA Support: Disabled
 Compressed Oops: Enabled (32-bit)
 Heap Region Size: 1M
 Heap Min Capacity: 8M
 Heap Initial Capacity: 126M
 Heap Max Capacity: 1986M
 Pre-touch: Disabled
 Parallel Workers: 8
 Concurrent Workers: 2
 Concurrent Refinement Workers: 8
 Periodic GC: Disabled
Heap:
 garbage-first heap   total 84992K, used 42085K [0x0000000083e00000, 0x0000000100000000)
  region size 1024K, 11 young (11264K), 1 survivors (1024K)
 Metaspace       used 62282K, committed 62720K, reserved 1105920K
  class space    used 8099K, committed 8320K, reserved 1048576K
GC Heap History (20 events):
Event: 3.056 GC heap before
{Heap before GC invocations=6 (full 0):
 garbage-first heap   total 58368K, used 35656K [0x0000000083e00000, 0x0000000100000000)
  region size 1024K, 18 young (18432K), 2 survivors (2048K)
 Metaspace       used 35729K, committed 35968K, reserved 1081344K
  class space    used 4692K, committed 4800K, reserved 1048576K
}
Event: 3.059 GC heap after
{Heap after GC invocations=7 (full 0):
 garbage-first heap   total 70656K, used 20951K [0x0000000083e00000, 0x0000000100000000)
  region size 1024K, 3 young (3072K), 3 survivors (3072K)
 Metaspace       used 35729K, committed 35968K, reserved 1081344K
  class space    used 4692K, committed 4800K, reserved 1048576K
}
Event: 3.581 GC heap before
{Heap before GC invocations=8 (full 0):
 garbage-first heap   total 70656K, used 50647K [0x0000000083e00000, 0x0000000100000000)
  region size 1024K, 32 young (32768K), 3 survivors (3072K)
 Metaspace       used 43487K, committed 43840K, reserved 1089536K
  class space    used 5871K, committed 6016K, reserved 1048576K
}
Event: 3.584 GC heap after
{Heap after GC invocations=9 (full 0):
 garbage-first heap   total 70656K, used 23545K [0x0000000083e00000, 0x0000000100000000)
  region size 1024K, 4 young (4096K), 4 survivors (4096K)
 Metaspace       used 43487K, committed 43840K, reserved 1089536K
  class space    used 5871K, committed 6016K, reserved 1048576K
}
Event: 3.985 GC heap before
{Heap before GC invocations=9 (full 0):
 garbage-first heap   total 70656K, used 52217K [0x0000000083e00000, 0x0000000100000000)
  region size 1024K, 32 young (32768K), 4 survivors (4096K)
 Metaspace       used 47475K, committed 47808K, reserved 1097728K
  class space    used 6342K, committed 6528K, reserved 1048576K
}
Event: 3.989 GC heap after
{Heap after GC invocations=10 (full 0):
 garbage-first heap   total 70656K, used 25146K [0x0000000083e00000, 0x0000000100000000)
  region size 1024K, 2 young (2048K), 2 survivors (2048K)
 Metaspace       used 47475K, committed 47808K, reserved 1097728K
  class space    used 6342K, committed 6528K, reserved 1048576K
}
Event: 4.223 GC heap before
{Heap before GC invocations=10 (full 0):
 garbage-first heap   total 70656K, used 52794K [0x0000000083e00000, 0x0000000100000000)
  region size 1024K, 29 young (29696K), 2 survivors (2048K)
 Metaspace       used 50149K, committed 50496K, reserved 1097728K
  class space    used 6728K, committed 6912K, reserved 1048576K
}
Event: 4.226 GC heap after
{Heap after GC invocations=11 (full 0):
 garbage-first heap   total 70656K, used 26340K [0x0000000083e00000, 0x0000000100000000)
  region size 1024K, 4 young (4096K), 4 survivors (4096K)
 Metaspace       used 50149K, committed 50496K, reserved 1097728K
  class space    used 6728K, committed 6912K, reserved 1048576K
}
Event: 4.370 GC heap before
{Heap before GC invocations=11 (full 0):
 garbage-first heap   total 70656K, used 52964K [0x0000000083e00000, 0x0000000100000000)
  region size 1024K, 30 young (30720K), 4 survivors (4096K)
 Metaspace       used 50847K, committed 51200K, reserved 1097728K
  class space    used 6817K, committed 6976K, reserved 1048576K
}
Event: 4.374 GC heap after
{Heap after GC invocations=12 (full 0):
 garbage-first heap   total 70656K, used 27444K [0x0000000083e00000, 0x0000000100000000)
  region size 1024K, 3 young (3072K), 3 survivors (3072K)
 Metaspace       used 50847K, committed 51200K, reserved 1097728K
  class space    used 6817K, committed 6976K, reserved 1048576K
}
Event: 4.473 GC heap before
{Heap before GC invocations=12 (full 0):
 garbage-first heap   total 70656K, used 55092K [0x0000000083e00000, 0x0000000100000000)
  region size 1024K, 30 young (30720K), 3 survivors (3072K)
 Metaspace       used 51184K, committed 51584K, reserved 1097728K
  class space    used 6846K, committed 7040K, reserved 1048576K
}
Event: 4.477 GC heap after
{Heap after GC invocations=13 (full 0):
 garbage-first heap   total 84992K, used 28095K [0x0000000083e00000, 0x0000000100000000)
  region size 1024K, 2 young (2048K), 2 survivors (2048K)
 Metaspace       used 51184K, committed 51584K, reserved 1097728K
  class space    used 6846K, committed 7040K, reserved 1048576K
}
Event: 4.911 GC heap before
{Heap before GC invocations=13 (full 0):
 garbage-first heap   total 84992K, used 67007K [0x0000000083e00000, 0x0000000100000000)
  region size 1024K, 40 young (40960K), 2 survivors (2048K)
 Metaspace       used 55117K, committed 55488K, reserved 1097728K
  class space    used 7406K, committed 7616K, reserved 1048576K
}
Event: 4.916 GC heap after
{Heap after GC invocations=14 (full 0):
 garbage-first heap   total 84992K, used 30942K [0x0000000083e00000, 0x0000000100000000)
  region size 1024K, 5 young (5120K), 5 survivors (5120K)
 Metaspace       used 55117K, committed 55488K, reserved 1097728K
  class space    used 7406K, committed 7616K, reserved 1048576K
}
Event: 5.159 GC heap before
{Heap before GC invocations=14 (full 0):
 garbage-first heap   total 84992K, used 56542K [0x0000000083e00000, 0x0000000100000000)
  region size 1024K, 31 young (31744K), 5 survivors (5120K)
 Metaspace       used 60141K, committed 60480K, reserved 1105920K
  class space    used 8022K, committed 8192K, reserved 1048576K
}
Event: 5.165 GC heap after
{Heap after GC invocations=15 (full 0):
 garbage-first heap   total 84992K, used 32940K [0x0000000083e00000, 0x0000000100000000)
  region size 1024K, 3 young (3072K), 3 survivors (3072K)
 Metaspace       used 60141K, committed 60480K, reserved 1105920K
  class space    used 8022K, committed 8192K, reserved 1048576K
}
Event: 6.395 GC heap before
{Heap before GC invocations=16 (full 0):
 garbage-first heap   total 84992K, used 66732K [0x0000000083e00000, 0x0000000100000000)
  region size 1024K, 36 young (36864K), 3 survivors (3072K)
 Metaspace       used 61908K, committed 62336K, reserved 1105920K
  class space    used 8097K, committed 8320K, reserved 1048576K
}
Event: 6.397 GC heap after
{Heap after GC invocations=17 (full 0):
 garbage-first heap   total 84992K, used 33007K [0x0000000083e00000, 0x0000000100000000)
  region size 1024K, 3 young (3072K), 3 survivors (3072K)
 Metaspace       used 61908K, committed 62336K, reserved 1105920K
  class space    used 8097K, committed 8320K, reserved 1048576K
}
Event: 6.423 GC heap before
{Heap before GC invocations=17 (full 0):
 garbage-first heap   total 84992K, used 34031K [0x0000000083e00000, 0x0000000100000000)
  region size 1024K, 4 young (4096K), 3 survivors (3072K)
 Metaspace       used 61943K, committed 62336K, reserved 1105920K
  class space    used 8097K, committed 8320K, reserved 1048576K
}
Event: 6.427 GC heap after
{Heap after GC invocations=18 (full 0):
 garbage-first heap   total 84992K, used 32869K [0x0000000083e00000, 0x0000000100000000)
  region size 1024K, 1 young (1024K), 1 survivors (1024K)
 Metaspace       used 61943K, committed 62336K, reserved 1105920K
  class space    used 8097K, committed 8320K, reserved 1048576K
}

